  MultiThering.cpp
  MyForm.cpp
D:\source\repos\бот-вк-авито\бот-вк-авито\MyForm.h(377,32): error C2653: msclr: не является именем класса или пространства имен
D:\source\repos\бот-вк-авито\бот-вк-авито\MyForm.h(377,48): error C2065: marshal_as: необъявленный идентификатор
D:\source\repos\бот-вк-авито\бот-вк-авито\MyForm.h(377,59): error C2275: "std::string": ожидается выражение вместо типа
D:\source\repos\бот-вк-авито\бот-вк-авито\MyForm.h(381,31): error C2653: msclr: не является именем класса или пространства имен
D:\source\repos\бот-вк-авито\бот-вк-авито\MyForm.h(381,47): error C2065: marshal_as: необъявленный идентификатор
D:\source\repos\бот-вк-авито\бот-вк-авито\MyForm.h(381,58): error C2275: "std::string": ожидается выражение вместо типа
D:\source\repos\бот-вк-авито\бот-вк-авито\MyForm.h(385,31): error C2653: msclr: не является именем класса или пространства имен
D:\source\repos\бот-вк-авито\бот-вк-авито\MyForm.h(385,47): error C2065: marshal_as: необъявленный идентификатор
D:\source\repos\бот-вк-авито\бот-вк-авито\MyForm.h(385,58): error C2275: "std::string": ожидается выражение вместо типа
D:\source\repos\бот-вк-авито\бот-вк-авито\MyForm.h(389,30): error C2653: msclr: не является именем класса или пространства имен
D:\source\repos\бот-вк-авито\бот-вк-авито\MyForm.h(389,46): error C2065: marshal_as: необъявленный идентификатор
D:\source\repos\бот-вк-авито\бот-вк-авито\MyForm.h(389,57): error C2275: "std::string": ожидается выражение вместо типа
D:\source\repos\бот-вк-авито\бот-вк-авито\MyForm.h(393,34): error C2653: msclr: не является именем класса или пространства имен
D:\source\repos\бот-вк-авито\бот-вк-авито\MyForm.h(393,50): error C2065: marshal_as: необъявленный идентификатор
D:\source\repos\бот-вк-авито\бот-вк-авито\MyForm.h(393,61): error C2275: "std::string": ожидается выражение вместо типа
D:\source\repos\бот-вк-авито\бот-вк-авито\MyForm.h(397,33): error C2653: msclr: не является именем класса или пространства имен
D:\source\repos\бот-вк-авито\бот-вк-авито\MyForm.h(397,49): error C2065: marshal_as: необъявленный идентификатор
D:\source\repos\бот-вк-авито\бот-вк-авито\MyForm.h(397,60): error C2275: "std::string": ожидается выражение вместо типа
D:\source\repos\бот-вк-авито\бот-вк-авито\MyForm.h(401,28): error C2653: msclr: не является именем класса или пространства имен
D:\source\repos\бот-вк-авито\бот-вк-авито\MyForm.h(401,44): error C2065: marshal_as: необъявленный идентификатор
D:\source\repos\бот-вк-авито\бот-вк-авито\MyForm.h(401,55): error C2275: "std::string": ожидается выражение вместо типа
D:\source\repos\бот-вк-авито\бот-вк-авито\MyForm.h(405,25): error C2653: msclr: не является именем класса или пространства имен
D:\source\repos\бот-вк-авито\бот-вк-авито\MyForm.h(405,41): error C2065: marshal_as: необъявленный идентификатор
D:\source\repos\бот-вк-авито\бот-вк-авито\MyForm.h(405,52): error C2275: "std::string": ожидается выражение вместо типа
D:\source\repos\бот-вк-авито\бот-вк-авито\MyForm.h(409,28): error C2653: msclr: не является именем класса или пространства имен
D:\source\repos\бот-вк-авито\бот-вк-авито\MyForm.h(409,44): error C2065: marshal_as: необъявленный идентификатор
D:\source\repos\бот-вк-авито\бот-вк-авито\MyForm.h(409,55): error C2275: "std::string": ожидается выражение вместо типа
D:\source\repos\бот-вк-авито\бот-вк-авито\MyForm2.h(12,19): error C4430: отсутствует спецификатор типа - предполагается int. Примечание. C++ не поддерживает int по умолчанию
D:\source\repos\бот-вк-авито\бот-вк-авито\MyForm2.h(12,9): error C2146: синтаксическая ошибка: отсутствие ";" перед идентификатором "SearchDBVK"
D:\source\repos\бот-вк-авито\бот-вк-авито\MyForm2.h(13,22): error C4430: отсутствует спецификатор типа - предполагается int. Примечание. C++ не поддерживает int по умолчанию
D:\source\repos\бот-вк-авито\бот-вк-авито\MyForm2.h(13,2): error C2086: int InterfaceMyFormTwo::string: переопределение
D:\source\repos\бот-вк-авито\бот-вк-авито\MyForm2.h(12,2): message : см. объявление "InterfaceMyFormTwo::string"
D:\source\repos\бот-вк-авито\бот-вк-авито\MyForm2.h(13,9): error C2146: синтаксическая ошибка: отсутствие ";" перед идентификатором "SearchDBAvito"
D:\source\repos\бот-вк-авито\бот-вк-авито\MyForm2.h(17,24): error C2039: "MyForm2": не является членом "InterfaceMyFormTwo".
D:\source\repos\бот-вк-авито\бот-вк-авито\MyForm2.h(4,11): message : см. объявление "InterfaceMyFormTwo"
D:\source\repos\бот-вк-авито\бот-вк-авито\MyForm2.h(17,1): error C2065: MyForm2: необъявленный идентификатор
D:\source\repos\бот-вк-авито\бот-вк-авито\MyForm2.h(17,33): error C2065: myform: необъявленный идентификатор
D:\source\repos\бот-вк-авито\бот-вк-авито\MyForm2.h(17,48): error C2061: синтаксическая ошибка: идентификатор "MyForm2"
D:\source\repos\бот-вк-авито\бот-вк-авито\MyForm2.h(18,65): error C2065: myform: необъявленный идентификатор
D:\source\repos\бот-вк-авито\бот-вк-авито\MyForm2.h(18,74): error C2653: MyForm2: не является именем класса или пространства имен
D:\source\repos\бот-вк-авито\бот-вк-авито\MyForm2.h(18,83): error C2065: vhodVVK: необъявленный идентификатор
D:\source\repos\бот-вк-авито\бот-вк-авито\MyForm2.h(18,1): error C3924: ошибка в аргументе #2 вызова конструктора делегата "System::Threading::ThreadStart":
D:\source\repos\бот-вк-авито\бот-вк-авито\MyForm2.h(18,1): message : требуется указатель на функцию-член
D:\source\repos\бот-вк-авито\бот-вк-авито\MyForm2.h(18,46): error C2512: System::Threading::Thread::Thread: нет подходящего конструктора по умолчанию
D:\source\repos\бот-вк-авито\бот-вк-авито\MyForm2.h(18,46): message : при попытке сопоставить список аргументов "()"
D:\source\repos\бот-вк-авито\бот-вк-авито\MyForm2.h(20,68): error C2065: myform: необъявленный идентификатор
D:\source\repos\бот-вк-авито\бот-вк-авито\MyForm2.h(20,77): error C2653: MyForm2: не является именем класса или пространства имен
D:\source\repos\бот-вк-авито\бот-вк-авито\MyForm2.h(20,86): error C2065: vhodVAvito: необъявленный идентификатор
D:\source\repos\бот-вк-авито\бот-вк-авито\MyForm2.h(20,1): error C3924: ошибка в аргументе #2 вызова конструктора делегата "System::Threading::ThreadStart":
D:\source\repos\бот-вк-авито\бот-вк-авито\MyForm2.h(20,1): message : требуется указатель на функцию-член
D:\source\repos\бот-вк-авито\бот-вк-авито\MyForm2.h(20,49): error C2512: System::Threading::Thread::Thread: нет подходящего конструктора по умолчанию
D:\source\repos\бот-вк-авито\бот-вк-авито\MyForm2.h(20,49): message : при попытке сопоставить список аргументов "()"
D:\source\repos\бот-вк-авито\бот-вк-авито\MyForm2.h(21,63): error C2065: myform: необъявленный идентификатор
D:\source\repos\бот-вк-авито\бот-вк-авито\MyForm2.h(21,72): error C2653: MyForm2: не является именем класса или пространства имен
D:\source\repos\бот-вк-авито\бот-вк-авито\MyForm2.h(21,81): error C2065: vhodExportVK: необъявленный идентификатор
D:\source\repos\бот-вк-авито\бот-вк-авито\MyForm2.h(21,1): error C3924: ошибка в аргументе #2 вызова конструктора делегата "System::Threading::ThreadStart":
D:\source\repos\бот-вк-авито\бот-вк-авито\MyForm2.h(21,1): message : требуется указатель на функцию-член
D:\source\repos\бот-вк-авито\бот-вк-авито\MyForm2.h(21,44): error C2512: System::Threading::Thread::Thread: нет подходящего конструктора по умолчанию
D:\source\repos\бот-вк-авито\бот-вк-авито\MyForm2.h(21,44): message : при попытке сопоставить список аргументов "()"
D:\source\repos\бот-вк-авито\бот-вк-авито\MyForm2.h(22,66): error C2065: myform: необъявленный идентификатор
D:\source\repos\бот-вк-авито\бот-вк-авито\MyForm2.h(22,75): error C2653: MyForm2: не является именем класса или пространства имен
D:\source\repos\бот-вк-авито\бот-вк-авито\MyForm2.h(22,84): error C2065: vhodExportAvito: необъявленный идентификатор
D:\source\repos\бот-вк-авито\бот-вк-авито\MyForm2.h(22,1): error C3924: ошибка в аргументе #2 вызова конструктора делегата "System::Threading::ThreadStart":
D:\source\repos\бот-вк-авито\бот-вк-авито\MyForm2.h(22,1): message : требуется указатель на функцию-член
D:\source\repos\бот-вк-авито\бот-вк-авито\MyForm2.h(22,47): error C2512: System::Threading::Thread::Thread: нет подходящего конструктора по умолчанию
D:\source\repos\бот-вк-авито\бот-вк-авито\MyForm2.h(22,47): message : при попытке сопоставить список аргументов "()"
D:\source\repos\бот-вк-авито\бот-вк-авито\MyForm2.h(37,31): warning C4947: System::Threading::Thread::Suspend: помечен как устаревший
D:\source\repos\бот-вк-авито\бот-вк-авито\MyForm2.h(37,31): message : Сообщение: "Thread.Suspend has been deprecated.  Please use other classes in System.Threading, such as Monitor, Mutex, Event, and Semaphore, to synchronize Threads or protect resources.  http://go.microsoft.com/fwlink/?linkid=14202"
D:\source\repos\бот-вк-авито\бот-вк-авито\MyForm2.h(89,3): error C2653: WorkingSVK: не является именем класса или пространства имен
D:\source\repos\бот-вк-авито\бот-вк-авито\MyForm2.h(89,15): error C2065: VK: необъявленный идентификатор
D:\source\repos\бот-вк-авито\бот-вк-авито\MyForm2.h(89,19): error C2065: vk: необъявленный идентификатор
D:\source\repos\бот-вк-авито\бот-вк-авито\MyForm2.h(90,3): error C2065: vk: необъявленный идентификатор
D:\source\repos\бот-вк-авито\бот-вк-авито\MyForm2.h(93,3): error C2653: WorkingSAvito: не является именем класса или пространства имен
D:\source\repos\бот-вк-авито\бот-вк-авито\MyForm2.h(93,18): error C2065: Avito: необъявленный идентификатор
D:\source\repos\бот-вк-авито\бот-вк-авито\MyForm2.h(93,25): error C2065: avito: необъявленный идентификатор
D:\source\repos\бот-вк-авито\бот-вк-авито\MyForm2.h(94,3): error C2065: avito: необъявленный идентификатор
D:\source\repos\бот-вк-авито\бот-вк-авито\MyForm2.h(97,3): error C2653: ExportAndImportData: не является именем класса или пространства имен
D:\source\repos\бот-вк-авито\бот-вк-авито\MyForm2.h(97,24): error C2065: WorkingSVKK: необъявленный идентификатор
D:\source\repos\бот-вк-авито\бот-вк-авито\MyForm2.h(97,38): error C2065: vk: необъявленный идентификатор
D:\source\repos\бот-вк-авито\бот-вк-авито\MyForm2.h(98,3): error C2065: vk: необъявленный идентификатор
D:\source\repos\бот-вк-авито\бот-вк-авито\MyForm2.h(101,3): error C2653: ExportAndImportData: не является именем класса или пространства имен
D:\source\repos\бот-вк-авито\бот-вк-авито\MyForm2.h(101,24): error C2065: WorkingSVKK: необъявленный идентификатор
D:\source\repos\бот-вк-авито\бот-вк-авито\MyForm2.h(101,37): error C2065: avito: необъявленный идентификатор
D:\source\repos\бот-вк-авито\бот-вк-авито\MyForm2.h(102,3): error C2065: avito: необъявленный идентификатор
D:\source\repos\бот-вк-авито\бот-вк-авито\MyForm2.h(235,23): error C2039: "SearchDBVK": не является членом "InterfaceMyFormTwo".
D:\source\repos\бот-вк-авито\бот-вк-авито\MyForm2.h(4,11): message : см. объявление "InterfaceMyFormTwo"
D:\source\repos\бот-вк-авито\бот-вк-авито\MyForm2.h(235,36): error C2653: msclr: не является именем класса или пространства имен
D:\source\repos\бот-вк-авито\бот-вк-авито\MyForm2.h(235,52): error C2065: marshal_as: необъявленный идентификатор
D:\source\repos\бот-вк-авито\бот-вк-авито\MyForm2.h(248,23): error C2039: "SearchDBAvito": не является членом "InterfaceMyFormTwo".
D:\source\repos\бот-вк-авито\бот-вк-авито\MyForm2.h(4,11): message : см. объявление "InterfaceMyFormTwo"
D:\source\repos\бот-вк-авито\бот-вк-авито\MyForm2.h(248,39): error C2653: msclr: не является именем класса или пространства имен
D:\source\repos\бот-вк-авито\бот-вк-авито\MyForm2.h(248,55): error C2065: marshal_as: необъявленный идентификатор
  MyForm2.cpp
  работа с БД.cpp
  совместимость с авито.cpp
  совместимость с вк.cpp
  Совместимость шаблон.cpp
  Экспорт и импорт.cpp
  Создание кода...
